{"/home/jorus/Desktop/test-collab/src/controllers/calculatorController.ts": {"path":"/home/jorus/Desktop/test-collab/src/controllers/calculatorController.ts","statementMap":{"0":{"start":{"line":2,"column":0},"end":{"line":2,"column":62}},"1":{"start":{"line":4,"column":32},"end":{"line":37,"column":1}},"2":{"start":{"line":5,"column":2},"end":{"line":36,"column":3}},"3":{"start":{"line":6,"column":31},"end":{"line":6,"column":39}},"4":{"start":{"line":9,"column":4},"end":{"line":14,"column":5}},"5":{"start":{"line":10,"column":6},"end":{"line":12,"column":9}},"6":{"start":{"line":13,"column":6},"end":{"line":13,"column":13}},"7":{"start":{"line":16,"column":4},"end":{"line":21,"column":5}},"8":{"start":{"line":17,"column":6},"end":{"line":19,"column":9}},"9":{"start":{"line":20,"column":6},"end":{"line":20,"column":13}},"10":{"start":{"line":23,"column":19},"end":{"line":23,"column":45}},"11":{"start":{"line":25,"column":4},"end":{"line":30,"column":7}},"12":{"start":{"line":32,"column":20},"end":{"line":32,"column":76}},"13":{"start":{"line":33,"column":4},"end":{"line":35,"column":7}},"14":{"start":{"line":4,"column":13},"end":{"line":4,"column":32}}},"fnMap":{"0":{"name":"(anonymous_0)","decl":{"start":{"line":4,"column":32},"end":{"line":4,"column":33}},"loc":{"start":{"line":4,"column":70},"end":{"line":37,"column":1}}}},"branchMap":{"0":{"loc":{"start":{"line":9,"column":4},"end":{"line":14,"column":5}},"type":"if","locations":[{"start":{"line":9,"column":4},"end":{"line":14,"column":5}},{"start":{},"end":{}}]},"1":{"loc":{"start":{"line":9,"column":8},"end":{"line":9,"column":54}},"type":"binary-expr","locations":[{"start":{"line":9,"column":8},"end":{"line":9,"column":29}},{"start":{"line":9,"column":33},"end":{"line":9,"column":54}}]},"2":{"loc":{"start":{"line":16,"column":4},"end":{"line":21,"column":5}},"type":"if","locations":[{"start":{"line":16,"column":4},"end":{"line":21,"column":5}},{"start":{},"end":{}}]},"3":{"loc":{"start":{"line":32,"column":20},"end":{"line":32,"column":76}},"type":"cond-expr","locations":[{"start":{"line":32,"column":45},"end":{"line":32,"column":58}},{"start":{"line":32,"column":61},"end":{"line":32,"column":76}}]}},"s":{"0":1,"1":1,"2":40,"3":40,"4":40,"5":13,"6":13,"7":27,"8":3,"9":3,"10":24,"11":14,"12":10,"13":10,"14":1},"f":{"0":40},"b":{"0":[13,27],"1":[40,30],"2":[3,24],"3":[10,0]}}
,"/home/jorus/Desktop/test-collab/src/services/calculatorService.ts": {"path":"/home/jorus/Desktop/test-collab/src/services/calculatorService.ts","statementMap":{"0":{"start":{"line":1,"column":19},"end":{"line":1,"column":50}},"1":{"start":{"line":1,"column":45},"end":{"line":1,"column":50}},"2":{"start":{"line":1,"column":13},"end":{"line":1,"column":19}},"3":{"start":{"line":2,"column":19},"end":{"line":2,"column":50}},"4":{"start":{"line":2,"column":45},"end":{"line":2,"column":50}},"5":{"start":{"line":2,"column":13},"end":{"line":2,"column":19}},"6":{"start":{"line":3,"column":19},"end":{"line":3,"column":50}},"7":{"start":{"line":3,"column":45},"end":{"line":3,"column":50}},"8":{"start":{"line":3,"column":13},"end":{"line":3,"column":19}},"9":{"start":{"line":4,"column":19},"end":{"line":9,"column":1}},"10":{"start":{"line":5,"column":2},"end":{"line":7,"column":3}},"11":{"start":{"line":6,"column":4},"end":{"line":6,"column":45}},"12":{"start":{"line":8,"column":2},"end":{"line":8,"column":15}},"13":{"start":{"line":4,"column":13},"end":{"line":4,"column":19}},"14":{"start":{"line":11,"column":26},"end":{"line":24,"column":1}},"15":{"start":{"line":12,"column":2},"end":{"line":23,"column":3}},"16":{"start":{"line":14,"column":6},"end":{"line":14,"column":23}},"17":{"start":{"line":16,"column":6},"end":{"line":16,"column":23}},"18":{"start":{"line":18,"column":6},"end":{"line":18,"column":23}},"19":{"start":{"line":20,"column":6},"end":{"line":20,"column":23}},"20":{"start":{"line":22,"column":6},"end":{"line":22,"column":55}},"21":{"start":{"line":11,"column":13},"end":{"line":11,"column":26}}},"fnMap":{"0":{"name":"(anonymous_0)","decl":{"start":{"line":1,"column":19},"end":{"line":1,"column":20}},"loc":{"start":{"line":1,"column":45},"end":{"line":1,"column":50}}},"1":{"name":"(anonymous_1)","decl":{"start":{"line":2,"column":19},"end":{"line":2,"column":20}},"loc":{"start":{"line":2,"column":45},"end":{"line":2,"column":50}}},"2":{"name":"(anonymous_2)","decl":{"start":{"line":3,"column":19},"end":{"line":3,"column":20}},"loc":{"start":{"line":3,"column":45},"end":{"line":3,"column":50}}},"3":{"name":"(anonymous_3)","decl":{"start":{"line":4,"column":19},"end":{"line":4,"column":20}},"loc":{"start":{"line":4,"column":44},"end":{"line":9,"column":1}}},"4":{"name":"(anonymous_4)","decl":{"start":{"line":11,"column":26},"end":{"line":11,"column":27}},"loc":{"start":{"line":11,"column":77},"end":{"line":24,"column":1}}}},"branchMap":{"0":{"loc":{"start":{"line":5,"column":2},"end":{"line":7,"column":3}},"type":"if","locations":[{"start":{"line":5,"column":2},"end":{"line":7,"column":3}},{"start":{},"end":{}}]},"1":{"loc":{"start":{"line":12,"column":2},"end":{"line":23,"column":3}},"type":"switch","locations":[{"start":{"line":13,"column":4},"end":{"line":14,"column":23}},{"start":{"line":15,"column":4},"end":{"line":16,"column":23}},{"start":{"line":17,"column":4},"end":{"line":18,"column":23}},{"start":{"line":19,"column":4},"end":{"line":20,"column":23}},{"start":{"line":21,"column":4},"end":{"line":22,"column":55}}]}},"s":{"0":2,"1":28,"2":2,"3":2,"4":17,"5":2,"6":2,"7":22,"8":2,"9":2,"10":25,"11":6,"12":19,"13":2,"14":2,"15":52,"16":18,"17":5,"18":7,"19":9,"20":13,"21":2},"f":{"0":28,"1":17,"2":22,"3":25,"4":52},"b":{"0":[6,19],"1":[18,5,7,9,13]}}
}
