TN:
SF:src/controllers/calculatorController.ts
FN:4,(anonymous_0)
FNF:1
FNH:1
FNDA:40,(anonymous_0)
DA:2,1
DA:4,1
DA:5,40
DA:6,40
DA:9,40
DA:10,13
DA:13,13
DA:16,27
DA:17,3
DA:20,3
DA:23,24
DA:25,14
DA:32,10
DA:33,10
LF:14
LH:14
BRDA:9,0,0,13
BRDA:9,0,1,27
BRDA:9,1,0,40
BRDA:9,1,1,30
BRDA:16,2,0,3
BRDA:16,2,1,24
BRDA:32,3,0,10
BRDA:32,3,1,0
BRF:8
BRH:7
end_of_record
TN:
SF:src/services/calculatorService.ts
FN:1,(anonymous_0)
FN:2,(anonymous_1)
FN:3,(anonymous_2)
FN:4,(anonymous_3)
FN:11,(anonymous_4)
FNF:5
FNH:5
FNDA:28,(anonymous_0)
FNDA:17,(anonymous_1)
FNDA:22,(anonymous_2)
FNDA:25,(anonymous_3)
FNDA:52,(anonymous_4)
DA:1,28
DA:2,17
DA:3,22
DA:4,2
DA:5,25
DA:6,6
DA:8,19
DA:11,2
DA:12,52
DA:14,18
DA:16,5
DA:18,7
DA:20,9
DA:22,13
LF:14
LH:14
BRDA:5,0,0,6
BRDA:5,0,1,19
BRDA:12,1,0,18
BRDA:12,1,1,5
BRDA:12,1,2,7
BRDA:12,1,3,9
BRDA:12,1,4,13
BRF:7
BRH:7
end_of_record
